<?xml version="1.0" encoding="UTF-8"?>
<testsuite xmlns:xsi="http://www.w3.org/2001/XMLSchema-instance" xsi:noNamespaceSchemaLocation="https://maven.apache.org/surefire/maven-surefire-plugin/xsd/surefire-test-report.xsd" name="hello.ApplicationTest" time="6.076" tests="3" errors="0" skipped="0" failures="0">
  <properties>
    <property name="awt.toolkit" value="sun.awt.X11.XToolkit"/>
    <property name="java.specification.version" value="11"/>
    <property name="sun.cpu.isalist" value=""/>
    <property name="sun.jnu.encoding" value="UTF-8"/>
    <property name="java.class.path" value="/home/arthur/Itransition/Task 2/target/test-classes:/home/arthur/Itransition/Task 2/target/classes:/home/arthur/.m2/repository/org/springframework/boot/spring-boot-starter-web/2.1.2.RELEASE/spring-boot-starter-web-2.1.2.RELEASE.jar:/home/arthur/.m2/repository/org/springframework/boot/spring-boot-starter/2.1.2.RELEASE/spring-boot-starter-2.1.2.RELEASE.jar:/home/arthur/.m2/repository/org/springframework/boot/spring-boot-starter-logging/2.1.2.RELEASE/spring-boot-starter-logging-2.1.2.RELEASE.jar:/home/arthur/.m2/repository/ch/qos/logback/logback-classic/1.2.3/logback-classic-1.2.3.jar:/home/arthur/.m2/repository/ch/qos/logback/logback-core/1.2.3/logback-core-1.2.3.jar:/home/arthur/.m2/repository/org/apache/logging/log4j/log4j-to-slf4j/2.11.1/log4j-to-slf4j-2.11.1.jar:/home/arthur/.m2/repository/org/apache/logging/log4j/log4j-api/2.11.1/log4j-api-2.11.1.jar:/home/arthur/.m2/repository/org/slf4j/jul-to-slf4j/1.7.25/jul-to-slf4j-1.7.25.jar:/home/arthur/.m2/repository/javax/annotation/javax.annotation-api/1.3.2/javax.annotation-api-1.3.2.jar:/home/arthur/.m2/repository/org/yaml/snakeyaml/1.23/snakeyaml-1.23.jar:/home/arthur/.m2/repository/org/springframework/boot/spring-boot-starter-json/2.1.2.RELEASE/spring-boot-starter-json-2.1.2.RELEASE.jar:/home/arthur/.m2/repository/com/fasterxml/jackson/core/jackson-databind/2.9.8/jackson-databind-2.9.8.jar:/home/arthur/.m2/repository/com/fasterxml/jackson/core/jackson-annotations/2.9.0/jackson-annotations-2.9.0.jar:/home/arthur/.m2/repository/com/fasterxml/jackson/core/jackson-core/2.9.8/jackson-core-2.9.8.jar:/home/arthur/.m2/repository/com/fasterxml/jackson/datatype/jackson-datatype-jdk8/2.9.8/jackson-datatype-jdk8-2.9.8.jar:/home/arthur/.m2/repository/com/fasterxml/jackson/datatype/jackson-datatype-jsr310/2.9.8/jackson-datatype-jsr310-2.9.8.jar:/home/arthur/.m2/repository/com/fasterxml/jackson/module/jackson-module-parameter-names/2.9.8/jackson-module-parameter-names-2.9.8.jar:/home/arthur/.m2/repository/org/hibernate/validator/hibernate-validator/6.0.14.Final/hibernate-validator-6.0.14.Final.jar:/home/arthur/.m2/repository/javax/validation/validation-api/2.0.1.Final/validation-api-2.0.1.Final.jar:/home/arthur/.m2/repository/org/jboss/logging/jboss-logging/3.3.2.Final/jboss-logging-3.3.2.Final.jar:/home/arthur/.m2/repository/com/fasterxml/classmate/1.4.0/classmate-1.4.0.jar:/home/arthur/.m2/repository/org/springframework/spring-web/5.1.4.RELEASE/spring-web-5.1.4.RELEASE.jar:/home/arthur/.m2/repository/org/springframework/spring-beans/5.1.4.RELEASE/spring-beans-5.1.4.RELEASE.jar:/home/arthur/.m2/repository/org/springframework/spring-webmvc/5.1.4.RELEASE/spring-webmvc-5.1.4.RELEASE.jar:/home/arthur/.m2/repository/org/springframework/spring-aop/5.1.4.RELEASE/spring-aop-5.1.4.RELEASE.jar:/home/arthur/.m2/repository/org/springframework/spring-context/5.1.4.RELEASE/spring-context-5.1.4.RELEASE.jar:/home/arthur/.m2/repository/org/springframework/spring-expression/5.1.4.RELEASE/spring-expression-5.1.4.RELEASE.jar:/home/arthur/.m2/repository/org/springframework/boot/spring-boot-starter-jetty/2.1.2.RELEASE/spring-boot-starter-jetty-2.1.2.RELEASE.jar:/home/arthur/.m2/repository/org/eclipse/jetty/jetty-servlets/9.4.14.v20181114/jetty-servlets-9.4.14.v20181114.jar:/home/arthur/.m2/repository/org/eclipse/jetty/jetty-continuation/9.4.14.v20181114/jetty-continuation-9.4.14.v20181114.jar:/home/arthur/.m2/repository/org/eclipse/jetty/jetty-http/9.4.14.v20181114/jetty-http-9.4.14.v20181114.jar:/home/arthur/.m2/repository/org/eclipse/jetty/jetty-util/9.4.14.v20181114/jetty-util-9.4.14.v20181114.jar:/home/arthur/.m2/repository/org/eclipse/jetty/jetty-io/9.4.14.v20181114/jetty-io-9.4.14.v20181114.jar:/home/arthur/.m2/repository/org/eclipse/jetty/jetty-webapp/9.4.14.v20181114/jetty-webapp-9.4.14.v20181114.jar:/home/arthur/.m2/repository/org/eclipse/jetty/jetty-xml/9.4.14.v20181114/jetty-xml-9.4.14.v20181114.jar:/home/arthur/.m2/repository/org/eclipse/jetty/jetty-servlet/9.4.14.v20181114/jetty-servlet-9.4.14.v20181114.jar:/home/arthur/.m2/repository/org/eclipse/jetty/jetty-security/9.4.14.v20181114/jetty-security-9.4.14.v20181114.jar:/home/arthur/.m2/repository/org/eclipse/jetty/jetty-server/9.4.14.v20181114/jetty-server-9.4.14.v20181114.jar:/home/arthur/.m2/repository/org/eclipse/jetty/websocket/websocket-server/9.4.14.v20181114/websocket-server-9.4.14.v20181114.jar:/home/arthur/.m2/repository/org/eclipse/jetty/websocket/websocket-common/9.4.14.v20181114/websocket-common-9.4.14.v20181114.jar:/home/arthur/.m2/repository/org/eclipse/jetty/websocket/websocket-api/9.4.14.v20181114/websocket-api-9.4.14.v20181114.jar:/home/arthur/.m2/repository/org/eclipse/jetty/websocket/websocket-client/9.4.14.v20181114/websocket-client-9.4.14.v20181114.jar:/home/arthur/.m2/repository/org/eclipse/jetty/jetty-client/9.4.14.v20181114/jetty-client-9.4.14.v20181114.jar:/home/arthur/.m2/repository/org/eclipse/jetty/websocket/websocket-servlet/9.4.14.v20181114/websocket-servlet-9.4.14.v20181114.jar:/home/arthur/.m2/repository/javax/servlet/javax.servlet-api/4.0.1/javax.servlet-api-4.0.1.jar:/home/arthur/.m2/repository/org/eclipse/jetty/websocket/javax-websocket-server-impl/9.4.14.v20181114/javax-websocket-server-impl-9.4.14.v20181114.jar:/home/arthur/.m2/repository/org/eclipse/jetty/jetty-annotations/9.4.14.v20181114/jetty-annotations-9.4.14.v20181114.jar:/home/arthur/.m2/repository/org/eclipse/jetty/jetty-plus/9.4.14.v20181114/jetty-plus-9.4.14.v20181114.jar:/home/arthur/.m2/repository/org/ow2/asm/asm/7.0/asm-7.0.jar:/home/arthur/.m2/repository/org/ow2/asm/asm-commons/7.0/asm-commons-7.0.jar:/home/arthur/.m2/repository/org/ow2/asm/asm-tree/7.0/asm-tree-7.0.jar:/home/arthur/.m2/repository/org/ow2/asm/asm-analysis/7.0/asm-analysis-7.0.jar:/home/arthur/.m2/repository/org/eclipse/jetty/websocket/javax-websocket-client-impl/9.4.14.v20181114/javax-websocket-client-impl-9.4.14.v20181114.jar:/home/arthur/.m2/repository/javax/websocket/javax.websocket-api/1.1/javax.websocket-api-1.1.jar:/home/arthur/.m2/repository/org/mortbay/jasper/apache-el/8.5.35.1/apache-el-8.5.35.1.jar:/home/arthur/.m2/repository/org/springframework/boot/spring-boot-starter-thymeleaf/2.1.2.RELEASE/spring-boot-starter-thymeleaf-2.1.2.RELEASE.jar:/home/arthur/.m2/repository/org/thymeleaf/thymeleaf-spring5/3.0.11.RELEASE/thymeleaf-spring5-3.0.11.RELEASE.jar:/home/arthur/.m2/repository/org/thymeleaf/thymeleaf/3.0.11.RELEASE/thymeleaf-3.0.11.RELEASE.jar:/home/arthur/.m2/repository/org/attoparser/attoparser/2.0.5.RELEASE/attoparser-2.0.5.RELEASE.jar:/home/arthur/.m2/repository/org/unbescape/unbescape/1.1.6.RELEASE/unbescape-1.1.6.RELEASE.jar:/home/arthur/.m2/repository/org/slf4j/slf4j-api/1.7.25/slf4j-api-1.7.25.jar:/home/arthur/.m2/repository/org/thymeleaf/extras/thymeleaf-extras-java8time/3.0.2.RELEASE/thymeleaf-extras-java8time-3.0.2.RELEASE.jar:/home/arthur/.m2/repository/org/springframework/boot/spring-boot-devtools/2.1.2.RELEASE/spring-boot-devtools-2.1.2.RELEASE.jar:/home/arthur/.m2/repository/org/springframework/boot/spring-boot/2.1.2.RELEASE/spring-boot-2.1.2.RELEASE.jar:/home/arthur/.m2/repository/org/springframework/boot/spring-boot-autoconfigure/2.1.2.RELEASE/spring-boot-autoconfigure-2.1.2.RELEASE.jar:/home/arthur/.m2/repository/org/springframework/boot/spring-boot-starter-test/2.1.2.RELEASE/spring-boot-starter-test-2.1.2.RELEASE.jar:/home/arthur/.m2/repository/org/springframework/boot/spring-boot-test/2.1.2.RELEASE/spring-boot-test-2.1.2.RELEASE.jar:/home/arthur/.m2/repository/org/springframework/boot/spring-boot-test-autoconfigure/2.1.2.RELEASE/spring-boot-test-autoconfigure-2.1.2.RELEASE.jar:/home/arthur/.m2/repository/com/jayway/jsonpath/json-path/2.4.0/json-path-2.4.0.jar:/home/arthur/.m2/repository/net/minidev/json-smart/2.3/json-smart-2.3.jar:/home/arthur/.m2/repository/net/minidev/accessors-smart/1.2/accessors-smart-1.2.jar:/home/arthur/.m2/repository/junit/junit/4.12/junit-4.12.jar:/home/arthur/.m2/repository/org/assertj/assertj-core/3.11.1/assertj-core-3.11.1.jar:/home/arthur/.m2/repository/org/mockito/mockito-core/2.23.4/mockito-core-2.23.4.jar:/home/arthur/.m2/repository/net/bytebuddy/byte-buddy/1.9.7/byte-buddy-1.9.7.jar:/home/arthur/.m2/repository/net/bytebuddy/byte-buddy-agent/1.9.7/byte-buddy-agent-1.9.7.jar:/home/arthur/.m2/repository/org/objenesis/objenesis/2.6/objenesis-2.6.jar:/home/arthur/.m2/repository/org/hamcrest/hamcrest-core/1.3/hamcrest-core-1.3.jar:/home/arthur/.m2/repository/org/hamcrest/hamcrest-library/1.3/hamcrest-library-1.3.jar:/home/arthur/.m2/repository/org/skyscreamer/jsonassert/1.5.0/jsonassert-1.5.0.jar:/home/arthur/.m2/repository/com/vaadin/external/google/android-json/0.0.20131108.vaadin1/android-json-0.0.20131108.vaadin1.jar:/home/arthur/.m2/repository/org/springframework/spring-core/5.1.4.RELEASE/spring-core-5.1.4.RELEASE.jar:/home/arthur/.m2/repository/org/springframework/spring-jcl/5.1.4.RELEASE/spring-jcl-5.1.4.RELEASE.jar:/home/arthur/.m2/repository/org/springframework/spring-test/5.1.4.RELEASE/spring-test-5.1.4.RELEASE.jar:/home/arthur/.m2/repository/org/xmlunit/xmlunit-core/2.6.2/xmlunit-core-2.6.2.jar:/home/arthur/.m2/repository/javax/xml/bind/jaxb-api/2.3.1/jaxb-api-2.3.1.jar:/home/arthur/.m2/repository/javax/activation/javax.activation-api/1.2.0/javax.activation-api-1.2.0.jar:"/>
    <property name="java.vm.vendor" value="Oracle Corporation"/>
    <property name="sun.arch.data.model" value="64"/>
    <property name="java.vendor.url" value="http://java.oracle.com/"/>
    <property name="user.timezone" value=""/>
    <property name="java.vm.specification.version" value="11"/>
    <property name="os.name" value="Linux"/>
    <property name="sun.java.launcher" value="SUN_STANDARD"/>
    <property name="user.country" value="US"/>
    <property name="sun.boot.library.path" value="/usr/lib/jvm/java-11-openjdk/lib"/>
    <property name="sun.java.command" value="/home/arthur/Itransition/Task 2/target/surefire/surefirebooter3576181447742649729.jar /home/arthur/Itransition/Task 2/target/surefire 2019-02-02T23-19-27_098-jvmRun1 surefire14807528455688285707tmp surefire_012983418610891931455tmp"/>
    <property name="jdk.debug" value="release"/>
    <property name="surefire.test.class.path" value="/home/arthur/Itransition/Task 2/target/test-classes:/home/arthur/Itransition/Task 2/target/classes:/home/arthur/.m2/repository/org/springframework/boot/spring-boot-starter-web/2.1.2.RELEASE/spring-boot-starter-web-2.1.2.RELEASE.jar:/home/arthur/.m2/repository/org/springframework/boot/spring-boot-starter/2.1.2.RELEASE/spring-boot-starter-2.1.2.RELEASE.jar:/home/arthur/.m2/repository/org/springframework/boot/spring-boot-starter-logging/2.1.2.RELEASE/spring-boot-starter-logging-2.1.2.RELEASE.jar:/home/arthur/.m2/repository/ch/qos/logback/logback-classic/1.2.3/logback-classic-1.2.3.jar:/home/arthur/.m2/repository/ch/qos/logback/logback-core/1.2.3/logback-core-1.2.3.jar:/home/arthur/.m2/repository/org/apache/logging/log4j/log4j-to-slf4j/2.11.1/log4j-to-slf4j-2.11.1.jar:/home/arthur/.m2/repository/org/apache/logging/log4j/log4j-api/2.11.1/log4j-api-2.11.1.jar:/home/arthur/.m2/repository/org/slf4j/jul-to-slf4j/1.7.25/jul-to-slf4j-1.7.25.jar:/home/arthur/.m2/repository/javax/annotation/javax.annotation-api/1.3.2/javax.annotation-api-1.3.2.jar:/home/arthur/.m2/repository/org/yaml/snakeyaml/1.23/snakeyaml-1.23.jar:/home/arthur/.m2/repository/org/springframework/boot/spring-boot-starter-json/2.1.2.RELEASE/spring-boot-starter-json-2.1.2.RELEASE.jar:/home/arthur/.m2/repository/com/fasterxml/jackson/core/jackson-databind/2.9.8/jackson-databind-2.9.8.jar:/home/arthur/.m2/repository/com/fasterxml/jackson/core/jackson-annotations/2.9.0/jackson-annotations-2.9.0.jar:/home/arthur/.m2/repository/com/fasterxml/jackson/core/jackson-core/2.9.8/jackson-core-2.9.8.jar:/home/arthur/.m2/repository/com/fasterxml/jackson/datatype/jackson-datatype-jdk8/2.9.8/jackson-datatype-jdk8-2.9.8.jar:/home/arthur/.m2/repository/com/fasterxml/jackson/datatype/jackson-datatype-jsr310/2.9.8/jackson-datatype-jsr310-2.9.8.jar:/home/arthur/.m2/repository/com/fasterxml/jackson/module/jackson-module-parameter-names/2.9.8/jackson-module-parameter-names-2.9.8.jar:/home/arthur/.m2/repository/org/hibernate/validator/hibernate-validator/6.0.14.Final/hibernate-validator-6.0.14.Final.jar:/home/arthur/.m2/repository/javax/validation/validation-api/2.0.1.Final/validation-api-2.0.1.Final.jar:/home/arthur/.m2/repository/org/jboss/logging/jboss-logging/3.3.2.Final/jboss-logging-3.3.2.Final.jar:/home/arthur/.m2/repository/com/fasterxml/classmate/1.4.0/classmate-1.4.0.jar:/home/arthur/.m2/repository/org/springframework/spring-web/5.1.4.RELEASE/spring-web-5.1.4.RELEASE.jar:/home/arthur/.m2/repository/org/springframework/spring-beans/5.1.4.RELEASE/spring-beans-5.1.4.RELEASE.jar:/home/arthur/.m2/repository/org/springframework/spring-webmvc/5.1.4.RELEASE/spring-webmvc-5.1.4.RELEASE.jar:/home/arthur/.m2/repository/org/springframework/spring-aop/5.1.4.RELEASE/spring-aop-5.1.4.RELEASE.jar:/home/arthur/.m2/repository/org/springframework/spring-context/5.1.4.RELEASE/spring-context-5.1.4.RELEASE.jar:/home/arthur/.m2/repository/org/springframework/spring-expression/5.1.4.RELEASE/spring-expression-5.1.4.RELEASE.jar:/home/arthur/.m2/repository/org/springframework/boot/spring-boot-starter-jetty/2.1.2.RELEASE/spring-boot-starter-jetty-2.1.2.RELEASE.jar:/home/arthur/.m2/repository/org/eclipse/jetty/jetty-servlets/9.4.14.v20181114/jetty-servlets-9.4.14.v20181114.jar:/home/arthur/.m2/repository/org/eclipse/jetty/jetty-continuation/9.4.14.v20181114/jetty-continuation-9.4.14.v20181114.jar:/home/arthur/.m2/repository/org/eclipse/jetty/jetty-http/9.4.14.v20181114/jetty-http-9.4.14.v20181114.jar:/home/arthur/.m2/repository/org/eclipse/jetty/jetty-util/9.4.14.v20181114/jetty-util-9.4.14.v20181114.jar:/home/arthur/.m2/repository/org/eclipse/jetty/jetty-io/9.4.14.v20181114/jetty-io-9.4.14.v20181114.jar:/home/arthur/.m2/repository/org/eclipse/jetty/jetty-webapp/9.4.14.v20181114/jetty-webapp-9.4.14.v20181114.jar:/home/arthur/.m2/repository/org/eclipse/jetty/jetty-xml/9.4.14.v20181114/jetty-xml-9.4.14.v20181114.jar:/home/arthur/.m2/repository/org/eclipse/jetty/jetty-servlet/9.4.14.v20181114/jetty-servlet-9.4.14.v20181114.jar:/home/arthur/.m2/repository/org/eclipse/jetty/jetty-security/9.4.14.v20181114/jetty-security-9.4.14.v20181114.jar:/home/arthur/.m2/repository/org/eclipse/jetty/jetty-server/9.4.14.v20181114/jetty-server-9.4.14.v20181114.jar:/home/arthur/.m2/repository/org/eclipse/jetty/websocket/websocket-server/9.4.14.v20181114/websocket-server-9.4.14.v20181114.jar:/home/arthur/.m2/repository/org/eclipse/jetty/websocket/websocket-common/9.4.14.v20181114/websocket-common-9.4.14.v20181114.jar:/home/arthur/.m2/repository/org/eclipse/jetty/websocket/websocket-api/9.4.14.v20181114/websocket-api-9.4.14.v20181114.jar:/home/arthur/.m2/repository/org/eclipse/jetty/websocket/websocket-client/9.4.14.v20181114/websocket-client-9.4.14.v20181114.jar:/home/arthur/.m2/repository/org/eclipse/jetty/jetty-client/9.4.14.v20181114/jetty-client-9.4.14.v20181114.jar:/home/arthur/.m2/repository/org/eclipse/jetty/websocket/websocket-servlet/9.4.14.v20181114/websocket-servlet-9.4.14.v20181114.jar:/home/arthur/.m2/repository/javax/servlet/javax.servlet-api/4.0.1/javax.servlet-api-4.0.1.jar:/home/arthur/.m2/repository/org/eclipse/jetty/websocket/javax-websocket-server-impl/9.4.14.v20181114/javax-websocket-server-impl-9.4.14.v20181114.jar:/home/arthur/.m2/repository/org/eclipse/jetty/jetty-annotations/9.4.14.v20181114/jetty-annotations-9.4.14.v20181114.jar:/home/arthur/.m2/repository/org/eclipse/jetty/jetty-plus/9.4.14.v20181114/jetty-plus-9.4.14.v20181114.jar:/home/arthur/.m2/repository/org/ow2/asm/asm/7.0/asm-7.0.jar:/home/arthur/.m2/repository/org/ow2/asm/asm-commons/7.0/asm-commons-7.0.jar:/home/arthur/.m2/repository/org/ow2/asm/asm-tree/7.0/asm-tree-7.0.jar:/home/arthur/.m2/repository/org/ow2/asm/asm-analysis/7.0/asm-analysis-7.0.jar:/home/arthur/.m2/repository/org/eclipse/jetty/websocket/javax-websocket-client-impl/9.4.14.v20181114/javax-websocket-client-impl-9.4.14.v20181114.jar:/home/arthur/.m2/repository/javax/websocket/javax.websocket-api/1.1/javax.websocket-api-1.1.jar:/home/arthur/.m2/repository/org/mortbay/jasper/apache-el/8.5.35.1/apache-el-8.5.35.1.jar:/home/arthur/.m2/repository/org/springframework/boot/spring-boot-starter-thymeleaf/2.1.2.RELEASE/spring-boot-starter-thymeleaf-2.1.2.RELEASE.jar:/home/arthur/.m2/repository/org/thymeleaf/thymeleaf-spring5/3.0.11.RELEASE/thymeleaf-spring5-3.0.11.RELEASE.jar:/home/arthur/.m2/repository/org/thymeleaf/thymeleaf/3.0.11.RELEASE/thymeleaf-3.0.11.RELEASE.jar:/home/arthur/.m2/repository/org/attoparser/attoparser/2.0.5.RELEASE/attoparser-2.0.5.RELEASE.jar:/home/arthur/.m2/repository/org/unbescape/unbescape/1.1.6.RELEASE/unbescape-1.1.6.RELEASE.jar:/home/arthur/.m2/repository/org/slf4j/slf4j-api/1.7.25/slf4j-api-1.7.25.jar:/home/arthur/.m2/repository/org/thymeleaf/extras/thymeleaf-extras-java8time/3.0.2.RELEASE/thymeleaf-extras-java8time-3.0.2.RELEASE.jar:/home/arthur/.m2/repository/org/springframework/boot/spring-boot-devtools/2.1.2.RELEASE/spring-boot-devtools-2.1.2.RELEASE.jar:/home/arthur/.m2/repository/org/springframework/boot/spring-boot/2.1.2.RELEASE/spring-boot-2.1.2.RELEASE.jar:/home/arthur/.m2/repository/org/springframework/boot/spring-boot-autoconfigure/2.1.2.RELEASE/spring-boot-autoconfigure-2.1.2.RELEASE.jar:/home/arthur/.m2/repository/org/springframework/boot/spring-boot-starter-test/2.1.2.RELEASE/spring-boot-starter-test-2.1.2.RELEASE.jar:/home/arthur/.m2/repository/org/springframework/boot/spring-boot-test/2.1.2.RELEASE/spring-boot-test-2.1.2.RELEASE.jar:/home/arthur/.m2/repository/org/springframework/boot/spring-boot-test-autoconfigure/2.1.2.RELEASE/spring-boot-test-autoconfigure-2.1.2.RELEASE.jar:/home/arthur/.m2/repository/com/jayway/jsonpath/json-path/2.4.0/json-path-2.4.0.jar:/home/arthur/.m2/repository/net/minidev/json-smart/2.3/json-smart-2.3.jar:/home/arthur/.m2/repository/net/minidev/accessors-smart/1.2/accessors-smart-1.2.jar:/home/arthur/.m2/repository/junit/junit/4.12/junit-4.12.jar:/home/arthur/.m2/repository/org/assertj/assertj-core/3.11.1/assertj-core-3.11.1.jar:/home/arthur/.m2/repository/org/mockito/mockito-core/2.23.4/mockito-core-2.23.4.jar:/home/arthur/.m2/repository/net/bytebuddy/byte-buddy/1.9.7/byte-buddy-1.9.7.jar:/home/arthur/.m2/repository/net/bytebuddy/byte-buddy-agent/1.9.7/byte-buddy-agent-1.9.7.jar:/home/arthur/.m2/repository/org/objenesis/objenesis/2.6/objenesis-2.6.jar:/home/arthur/.m2/repository/org/hamcrest/hamcrest-core/1.3/hamcrest-core-1.3.jar:/home/arthur/.m2/repository/org/hamcrest/hamcrest-library/1.3/hamcrest-library-1.3.jar:/home/arthur/.m2/repository/org/skyscreamer/jsonassert/1.5.0/jsonassert-1.5.0.jar:/home/arthur/.m2/repository/com/vaadin/external/google/android-json/0.0.20131108.vaadin1/android-json-0.0.20131108.vaadin1.jar:/home/arthur/.m2/repository/org/springframework/spring-core/5.1.4.RELEASE/spring-core-5.1.4.RELEASE.jar:/home/arthur/.m2/repository/org/springframework/spring-jcl/5.1.4.RELEASE/spring-jcl-5.1.4.RELEASE.jar:/home/arthur/.m2/repository/org/springframework/spring-test/5.1.4.RELEASE/spring-test-5.1.4.RELEASE.jar:/home/arthur/.m2/repository/org/xmlunit/xmlunit-core/2.6.2/xmlunit-core-2.6.2.jar:/home/arthur/.m2/repository/javax/xml/bind/jaxb-api/2.3.1/jaxb-api-2.3.1.jar:/home/arthur/.m2/repository/javax/activation/javax.activation-api/1.2.0/javax.activation-api-1.2.0.jar:"/>
    <property name="sun.cpu.endian" value="little"/>
    <property name="user.home" value="/home/arthur"/>
    <property name="user.language" value="en"/>
    <property name="java.specification.vendor" value="Oracle Corporation"/>
    <property name="java.version.date" value="2018-10-16"/>
    <property name="java.home" value="/usr/lib/jvm/java-11-openjdk"/>
    <property name="file.separator" value="/"/>
    <property name="basedir" value="/home/arthur/Itransition/Task 2"/>
    <property name="java.vm.compressedOopsMode" value="32-bit"/>
    <property name="line.separator" value="&#10;"/>
    <property name="java.specification.name" value="Java Platform API Specification"/>
    <property name="java.vm.specification.vendor" value="Oracle Corporation"/>
    <property name="java.awt.graphicsenv" value="sun.awt.X11GraphicsEnvironment"/>
    <property name="surefire.real.class.path" value="/home/arthur/Itransition/Task 2/target/surefire/surefirebooter3576181447742649729.jar"/>
    <property name="sun.management.compiler" value="HotSpot 64-Bit Tiered Compilers"/>
    <property name="java.runtime.version" value="11.0.2+7"/>
    <property name="user.name" value="arthur"/>
    <property name="path.separator" value=":"/>
    <property name="os.version" value="4.20.5-arch1-1-ARCH"/>
    <property name="java.runtime.name" value="OpenJDK Runtime Environment"/>
    <property name="file.encoding" value="UTF-8"/>
    <property name="java.vm.name" value="OpenJDK 64-Bit Server VM"/>
    <property name="localRepository" value="/home/arthur/.m2/repository"/>
    <property name="java.vendor.url.bug" value="http://bugreport.java.com/bugreport/"/>
    <property name="java.io.tmpdir" value="/tmp"/>
    <property name="java.version" value="11.0.2"/>
    <property name="user.dir" value="/home/arthur/Itransition/Task 2"/>
    <property name="os.arch" value="amd64"/>
    <property name="java.vm.specification.name" value="Java Virtual Machine Specification"/>
    <property name="java.awt.printerjob" value="sun.print.PSPrinterJob"/>
    <property name="sun.os.patch.level" value="unknown"/>
    <property name="java.library.path" value="/usr/java/packages/lib:/usr/lib64:/lib64:/lib:/usr/lib"/>
    <property name="java.vendor" value="Oracle Corporation"/>
    <property name="java.vm.info" value="mixed mode"/>
    <property name="java.vm.version" value="11.0.2+7"/>
    <property name="sun.io.unicode.encoding" value="UnicodeLittle"/>
    <property name="java.class.version" value="55.0"/>
  </properties>
  <testcase name="homePage" classname="hello.ApplicationTest" time="0.619"/>
  <testcase name="greetingWithUser" classname="hello.ApplicationTest" time="0.575"/>
  <testcase name="greeting" classname="hello.ApplicationTest" time="0.01"/>
</testsuite>